2025-08-17 00:13:54,280 INFO Starting backtest for BTCUSDT from 2024-08-01 to 2025-08-01 on 4h
2025-08-17 00:13:55,616 INFO Running in-sample backtest on 125 bars (70%)
2025-08-17 00:13:55,653 INFO Running out-of-sample backtest on 54 bars (30%)
2025-08-17 00:13:55,667 INFO In-sample results:
2025-08-17 00:13:55,668 INFO Total P&L: 2.13, Trades: 1, Win Rate: 100.00%
2025-08-17 00:13:55,668 INFO Max Drawdown: -0.00, Sharpe Ratio: 1.82
2025-08-17 00:13:56,176 INFO Out-of-sample results:
2025-08-17 00:13:56,177 INFO Total P&L: -2.97, Trades: 2, Win Rate: 0.00%
2025-08-17 00:13:56,177 INFO Max Drawdown: 3.34, Sharpe Ratio: -2.67
2025-08-17 00:15:22,744 INFO Starting backtest for BTCUSDT from 2024-08-01 to 2025-08-01 on 4h
2025-08-17 00:15:23,774 INFO Running in-sample backtest on 125 bars (70%)
2025-08-17 00:15:23,807 INFO Running out-of-sample backtest on 54 bars (30%)
2025-08-17 00:15:23,821 INFO In-sample results:
2025-08-17 00:15:23,821 INFO Total P&L: 2.13, Trades: 1, Win Rate: 100.00%
2025-08-17 00:15:23,821 INFO Max Drawdown: -0.00, Sharpe Ratio: 1.82
2025-08-17 00:15:24,299 INFO Out-of-sample results:
2025-08-17 00:15:24,300 INFO Total P&L: -2.97, Trades: 2, Win Rate: 0.00%
2025-08-17 00:15:24,300 INFO Max Drawdown: 3.34, Sharpe Ratio: -2.67
2025-08-17 00:18:14,143 INFO Starting backtest for BTCUSDT from 2024-08-01 to 2025-08-01 on 4h
2025-08-17 00:18:15,414 INFO Running in-sample backtest on 125 bars (70%)
2025-08-17 00:18:15,454 INFO Running out-of-sample backtest on 54 bars (30%)
2025-08-17 00:18:15,468 INFO In-sample results:
2025-08-17 00:18:15,468 INFO Total P&L: 2.13, Trades: 1, Win Rate: 100.00%
2025-08-17 00:18:15,468 INFO Max Drawdown: -0.00, Sharpe Ratio: 1.82
2025-08-17 00:18:16,216 INFO Out-of-sample results:
2025-08-17 00:18:16,216 INFO Total P&L: -2.97, Trades: 2, Win Rate: 0.00%
2025-08-17 00:18:16,216 INFO Max Drawdown: 3.34, Sharpe Ratio: -2.67
2025-08-17 00:22:34,354 INFO Starting backtest for BTCUSDT from 2024-08-01 to 2025-08-01 on 4h
2025-08-17 00:22:35,625 INFO Running in-sample backtest on 125 bars (70%)
2025-08-17 00:22:35,662 INFO Running out-of-sample backtest on 54 bars (30%)
2025-08-17 00:22:35,676 INFO In-sample results:
2025-08-17 00:22:35,677 INFO Total P&L: 2.13, Trades: 1, Win Rate: 100.00%
2025-08-17 00:22:35,677 INFO Max Drawdown: -0.00, Sharpe Ratio: 1.82
2025-08-17 00:22:36,139 INFO Out-of-sample results:
2025-08-17 00:22:36,139 INFO Total P&L: -2.97, Trades: 2, Win Rate: 0.00%
2025-08-17 00:22:36,139 INFO Max Drawdown: 3.34, Sharpe Ratio: -2.67
2025-08-17 13:33:45,197 INFO Starting backtest for BTCUSDT from 2024-08-01 to 2025-08-01 on 4h
2025-08-17 13:33:45,199 ERROR No data retrieved for backtest.
2025-08-17 13:39:25,874 INFO SwingEMARsiVolumeStrategy initialized with parameters: EMA(12,26), RSI(14), ATR(14), Risk(2.0%)
2025-08-17 13:39:26,007 INFO Generated 5 signals from 1200 bars
2025-08-17 13:39:26,036 INFO Generated 0 signals from 240 bars
2025-08-17 13:39:26,065 INFO Generated 1 signals from 240 bars
2025-08-17 13:39:26,094 INFO Generated 4 signals from 240 bars
2025-08-17 13:39:26,123 INFO Generated 0 signals from 240 bars
2025-08-17 13:39:26,152 INFO Generated 0 signals from 240 bars
2025-08-17 13:39:26,152 INFO Cross-validation completed: 5 folds
2025-08-17 13:39:37,150 INFO SwingEMARsiVolumeStrategy initialized with parameters: EMA(12,26), RSI(14), ATR(14), Risk(2.0%)
2025-08-17 13:39:37,150 INFO Starting backtest for BTCUSDT from 2024-08-01 to 2025-08-01 on 4h
2025-08-17 13:39:37,153 ERROR No data retrieved for backtest.
2025-08-17 13:41:19,190 INFO SwingEMARsiVolumeStrategy initialized with parameters: EMA(12,26), RSI(14), ATR(14), Risk(2.0%)
2025-08-17 13:41:19,190 INFO Starting backtest for BTCUSDT from 2025-06-01 to 2025-08-15 on 4h
2025-08-17 13:41:19,190 INFO Reading data from BTCUSDT_4h_ohlcv.csv
2025-08-17 13:41:19,197 INFO Loaded 451 bars from 2025-06-01 00:00:00 to 2025-08-15 00:00:00
2025-08-17 13:41:19,198 INFO Running in-sample backtest on 315 bars (70%)
2025-08-17 13:41:19,235 INFO Generated 0 signals from 315 bars
2025-08-17 13:41:19,251 INFO Running out-of-sample backtest on 136 bars (30%)
2025-08-17 13:41:19,269 INFO Generated 0 signals from 136 bars
2025-08-17 13:41:19,276 INFO In-sample results:
2025-08-17 13:41:19,276 INFO No trades executed.
2025-08-17 13:41:19,276 INFO Out-of-sample results:
2025-08-17 13:41:19,276 INFO No trades executed.
2025-08-17 13:42:08,735 INFO SwingEMARsiVolumeStrategy initialized with parameters: EMA(12,26), RSI(14), ATR(14), Risk(2.0%)
2025-08-17 13:42:08,735 INFO Starting backtest for BTCUSDT from 2025-06-01 to 2025-08-15 on 4h
2025-08-17 13:42:08,735 INFO Reading data from BTCUSDT_4h_ohlcv.csv
2025-08-17 13:42:08,742 INFO Loaded 451 bars from 2025-06-01 00:00:00 to 2025-08-15 00:00:00
2025-08-17 13:42:08,742 INFO Running in-sample backtest on 315 bars (70%)
2025-08-17 13:42:08,778 INFO Generated 0 signals from 315 bars
2025-08-17 13:42:08,793 INFO Running out-of-sample backtest on 136 bars (30%)
2025-08-17 13:42:08,811 INFO Generated 1 signals from 136 bars
2025-08-17 13:42:08,819 INFO In-sample results:
2025-08-17 13:42:08,819 INFO No trades executed.
2025-08-17 13:42:08,819 INFO Out-of-sample results:
2025-08-17 13:42:08,819 INFO Total P&L: -67.41, Trades: 1, Win Rate: 0.00%
2025-08-17 13:42:08,819 INFO Max Drawdown: 108.91, Sharpe Ratio: -0.79
